<?xml version="1.0" encoding="UTF-8"?>
<!-- Generated by org.testng.reporters.JUnitReportReporter -->
<testsuite hostname="LAPTOP-F8DLK8EA" failures="0" tests="1" name="Streams.StreamsEx1" time="0.009" errors="0" timestamp="2023-05-19T13:21:16 IST" skipped="0">
  <testcase classname="Streams.StreamsEx1" name="ArrayProblem" time="0.009"/>
  <system-out/>
</testsuite> <!-- Streams.StreamsEx1 -->
